<?xml version="1.0" encoding="UTF-8"?>
<testng-results skipped="0" failed="1" ignored="0" total="4" passed="3">
  <reporter-output>
  </reporter-output>
  <suite name="Suite" duration-ms="28979" started-at="2021-04-05T01:39:27 IST" finished-at="2021-04-05T01:39:56 IST">
    <groups>
      <group name="smoke">
        <method signature="LaunchURLTest.launchURL()[pri:0, instance:com.sumanth.frameworklearning.end2endproject.launchpage.LaunchURLTest@4de4b452]" name="launchURL" class="com.sumanth.frameworklearning.end2endproject.launchpage.LaunchURLTest"/>
        <method signature="VerifyEmailIdOptionalTextTest.verifyemailoptionaltag()[pri:0, instance:com.sumanth.frameworklearning.end2endproject.newuserregistration.VerifyEmailIdOptionalTextTest@fba92d3]" name="verifyemailoptionaltag" class="com.sumanth.frameworklearning.end2endproject.newuserregistration.VerifyEmailIdOptionalTextTest"/>
      </group> <!-- smoke -->
    </groups>
    <test name="LaunchPage" duration-ms="4488" started-at="2021-04-05T01:39:27 IST" finished-at="2021-04-05T01:39:31 IST">
      <class name="com.sumanth.frameworklearning.end2endproject.launchpage.LaunchURLTest">
        <test-method status="PASS" signature="initialize()[pri:0, instance:com.sumanth.frameworklearning.end2endproject.launchpage.LaunchURLTest@4de4b452]" name="initialize" is-config="true" duration-ms="1869" started-at="2021-04-05T01:39:27 IST" finished-at="2021-04-05T01:39:29 IST">
          <reporter-output>
          </reporter-output>
        </test-method> <!-- initialize -->
        <test-method status="PASS" signature="launchURL()[pri:0, instance:com.sumanth.frameworklearning.end2endproject.launchpage.LaunchURLTest@4de4b452]" name="launchURL" duration-ms="1950" started-at="2021-04-05T01:39:29 IST" finished-at="2021-04-05T01:39:31 IST">
          <reporter-output>
          </reporter-output>
        </test-method> <!-- launchURL -->
        <test-method status="PASS" signature="teardown()[pri:0, instance:com.sumanth.frameworklearning.end2endproject.launchpage.LaunchURLTest@4de4b452]" name="teardown" is-config="true" duration-ms="631" started-at="2021-04-05T01:39:31 IST" finished-at="2021-04-05T01:39:31 IST">
          <reporter-output>
          </reporter-output>
        </test-method> <!-- teardown -->
      </class> <!-- com.sumanth.frameworklearning.end2endproject.launchpage.LaunchURLTest -->
    </test> <!-- LaunchPage -->
    <test name="NewUserRegistration" duration-ms="24257" started-at="2021-04-05T01:39:32 IST" finished-at="2021-04-05T01:39:56 IST">
      <class name="com.sumanth.frameworklearning.end2endproject.newuserregistration.UserRegisTest">
        <test-method status="PASS" signature="initialize()[pri:0, instance:com.sumanth.frameworklearning.end2endproject.newuserregistration.UserRegisTest@662b4c69]" name="initialize" is-config="true" duration-ms="1195" started-at="2021-04-05T01:39:48 IST" finished-at="2021-04-05T01:39:49 IST">
          <reporter-output>
          </reporter-output>
        </test-method> <!-- initialize -->
        <test-method status="PASS" signature="launchpage()[pri:0, instance:com.sumanth.frameworklearning.end2endproject.newuserregistration.UserRegisTest@662b4c69]" name="launchpage" is-config="true" duration-ms="2469" started-at="2021-04-05T01:39:49 IST" finished-at="2021-04-05T01:39:51 IST">
          <reporter-output>
          </reporter-output>
        </test-method> <!-- launchpage -->
        <test-method status="FAIL" signature="existingUserRegistration()[pri:0, instance:com.sumanth.frameworklearning.end2endproject.newuserregistration.UserRegisTest@662b4c69]" name="existingUserRegistration" duration-ms="3018" started-at="2021-04-05T01:39:51 IST" finished-at="2021-04-05T01:39:54 IST">
          <exception class="java.lang.AssertionError">
            <message>
              <![CDATA[Existing user registration successful even though email id sumanth.suvarna@gmail.com already exists !!!]]>
            </message>
            <full-stacktrace>
              <![CDATA[java.lang.AssertionError: Existing user registration successful even though email id sumanth.suvarna@gmail.com already exists !!!
at org.junit.Assert.fail(Assert.java:88)
at org.junit.Assert.assertTrue(Assert.java:41)
at com.sumanth.frameworklearning.end2endproject.newuserregistration.UserRegisTest.existingUserRegistration(UserRegisTest.java:89)
at sun.reflect.NativeMethodAccessorImpl.invoke0(Native Method)
at sun.reflect.NativeMethodAccessorImpl.invoke(NativeMethodAccessorImpl.java:62)
at sun.reflect.DelegatingMethodAccessorImpl.invoke(DelegatingMethodAccessorImpl.java:43)
at java.lang.reflect.Method.invoke(Method.java:498)
at org.testng.internal.MethodInvocationHelper.invokeMethod(MethodInvocationHelper.java:134)
at org.testng.internal.TestInvoker.invokeMethod(TestInvoker.java:597)
at org.testng.internal.TestInvoker.invokeTestMethod(TestInvoker.java:173)
at org.testng.internal.MethodRunner.runInSequence(MethodRunner.java:46)
at org.testng.internal.TestInvoker$MethodInvocationAgent.invoke(TestInvoker.java:816)
at org.testng.internal.TestInvoker.invokeTestMethods(TestInvoker.java:146)
at org.testng.internal.TestMethodWorker.invokeTestMethods(TestMethodWorker.java:146)
at org.testng.internal.TestMethodWorker.run(TestMethodWorker.java:128)
at java.util.ArrayList.forEach(ArrayList.java:1257)
at org.testng.TestRunner.privateRun(TestRunner.java:766)
at org.testng.TestRunner.run(TestRunner.java:587)
at org.testng.SuiteRunner.runTest(SuiteRunner.java:384)
at org.testng.SuiteRunner.runSequentially(SuiteRunner.java:378)
at org.testng.SuiteRunner.privateRun(SuiteRunner.java:337)
at org.testng.SuiteRunner.run(SuiteRunner.java:286)
at org.testng.SuiteRunnerWorker.runSuite(SuiteRunnerWorker.java:53)
at org.testng.SuiteRunnerWorker.run(SuiteRunnerWorker.java:96)
at org.testng.TestNG.runSuitesSequentially(TestNG.java:1187)
at org.testng.TestNG.runSuitesLocally(TestNG.java:1109)
at org.testng.TestNG.runSuites(TestNG.java:1039)
at org.testng.TestNG.run(TestNG.java:1007)
at org.apache.maven.surefire.testng.TestNGExecutor.run(TestNGExecutor.java:283)
at org.apache.maven.surefire.testng.TestNGXmlTestSuite.execute(TestNGXmlTestSuite.java:75)
at org.apache.maven.surefire.testng.TestNGProvider.invoke(TestNGProvider.java:120)
at org.apache.maven.surefire.booter.ForkedBooter.invokeProviderInSameClassLoader(ForkedBooter.java:384)
at org.apache.maven.surefire.booter.ForkedBooter.runSuitesInProcess(ForkedBooter.java:345)
at org.apache.maven.surefire.booter.ForkedBooter.execute(ForkedBooter.java:126)
at org.apache.maven.surefire.booter.ForkedBooter.main(ForkedBooter.java:418)
]]>
            </full-stacktrace>
          </exception> <!-- java.lang.AssertionError -->
          <reporter-output>
          </reporter-output>
        </test-method> <!-- existingUserRegistration -->
        <test-method status="PASS" signature="teardown()[pri:0, instance:com.sumanth.frameworklearning.end2endproject.newuserregistration.UserRegisTest@662b4c69]" name="teardown" is-config="true" duration-ms="671" started-at="2021-04-05T01:39:55 IST" finished-at="2021-04-05T01:39:56 IST">
          <reporter-output>
          </reporter-output>
        </test-method> <!-- teardown -->
      </class> <!-- com.sumanth.frameworklearning.end2endproject.newuserregistration.UserRegisTest -->
      <class name="com.sumanth.frameworklearning.end2endproject.newuserregistration.VerifyIndiaMobileCodeTest">
        <test-method status="PASS" signature="initialize()[pri:0, instance:com.sumanth.frameworklearning.end2endproject.newuserregistration.VerifyIndiaMobileCodeTest@67c33749]" name="initialize" is-config="true" duration-ms="1197" started-at="2021-04-05T01:39:32 IST" finished-at="2021-04-05T01:39:33 IST">
          <reporter-output>
          </reporter-output>
        </test-method> <!-- initialize -->
        <test-method status="PASS" signature="launchpage()[pri:0, instance:com.sumanth.frameworklearning.end2endproject.newuserregistration.VerifyIndiaMobileCodeTest@67c33749]" name="launchpage" is-config="true" duration-ms="2426" started-at="2021-04-05T01:39:33 IST" finished-at="2021-04-05T01:39:35 IST">
          <reporter-output>
          </reporter-output>
        </test-method> <!-- launchpage -->
        <test-method status="PASS" signature="verifyIndiaMobileCode()[pri:0, instance:com.sumanth.frameworklearning.end2endproject.newuserregistration.VerifyIndiaMobileCodeTest@67c33749]" name="verifyIndiaMobileCode" duration-ms="1299" started-at="2021-04-05T01:39:35 IST" finished-at="2021-04-05T01:39:36 IST">
          <reporter-output>
          </reporter-output>
        </test-method> <!-- verifyIndiaMobileCode -->
        <test-method status="PASS" signature="teardown()[pri:0, instance:com.sumanth.frameworklearning.end2endproject.newuserregistration.VerifyIndiaMobileCodeTest@67c33749]" name="teardown" is-config="true" duration-ms="655" started-at="2021-04-05T01:39:36 IST" finished-at="2021-04-05T01:39:37 IST">
          <reporter-output>
          </reporter-output>
        </test-method> <!-- teardown -->
      </class> <!-- com.sumanth.frameworklearning.end2endproject.newuserregistration.VerifyIndiaMobileCodeTest -->
      <class name="com.sumanth.frameworklearning.end2endproject.newuserregistration.VerifyEmailIdOptionalTextTest">
        <test-method status="PASS" signature="initialize()[pri:0, instance:com.sumanth.frameworklearning.end2endproject.newuserregistration.VerifyEmailIdOptionalTextTest@fba92d3]" name="initialize" is-config="true" duration-ms="1189" started-at="2021-04-05T01:39:37 IST" finished-at="2021-04-05T01:39:38 IST">
          <reporter-output>
          </reporter-output>
        </test-method> <!-- initialize -->
        <test-method status="PASS" signature="launchpage()[pri:0, instance:com.sumanth.frameworklearning.end2endproject.newuserregistration.VerifyEmailIdOptionalTextTest@fba92d3]" name="launchpage" is-config="true" duration-ms="7181" started-at="2021-04-05T01:39:38 IST" finished-at="2021-04-05T01:39:45 IST">
          <reporter-output>
          </reporter-output>
        </test-method> <!-- launchpage -->
        <test-method status="PASS" signature="verifyemailoptionaltag()[pri:0, instance:com.sumanth.frameworklearning.end2endproject.newuserregistration.VerifyEmailIdOptionalTextTest@fba92d3]" name="verifyemailoptionaltag" duration-ms="1577" started-at="2021-04-05T01:39:45 IST" finished-at="2021-04-05T01:39:47 IST">
          <reporter-output>
          </reporter-output>
        </test-method> <!-- verifyemailoptionaltag -->
        <test-method status="PASS" signature="teardown()[pri:0, instance:com.sumanth.frameworklearning.end2endproject.newuserregistration.VerifyEmailIdOptionalTextTest@fba92d3]" name="teardown" is-config="true" duration-ms="685" started-at="2021-04-05T01:39:47 IST" finished-at="2021-04-05T01:39:48 IST">
          <reporter-output>
          </reporter-output>
        </test-method> <!-- teardown -->
      </class> <!-- com.sumanth.frameworklearning.end2endproject.newuserregistration.VerifyEmailIdOptionalTextTest -->
    </test> <!-- NewUserRegistration -->
  </suite> <!-- Suite -->
</testng-results>
